000000000000,LOG,processor 0,init,init
000000000000,LOG,processor 0,init,APPROACH
000000000000,LOG,processor 0,init,ARRIVE
000000000000,LOG,processor 0,init,DEPART
000000000000,LOG,processor 0,makingThreads,APPROACH
000000000000,LOG,thread 0 process 0,init,init
000000000000,LOG,processor 0,makingThreads,fork
000000000000,LOG,processor 0,makingThreads,ARRIVE
000000000001,LOG,thread 0 process 0,init,APPROACH
000000000001,LOG,thread 0 process 0,init,ARRIVE
000000000001,LOG,thread 0 process 0,init,DEPART
000000000001,LOG,thread 0 process 0,infant,APPROACH
000000000001,LOG,thread 0 process 0,infant,sleep
000000000001,LOG,thread 0 process 0,infant,ARRIVE
000000000001,LOG,processor 0,makingThreads,DEPART
000000000001,LOG,processor 0,doneStartingThreads,APPROACH
000000000001,LOG,processor 0,doneStartingThreads,ARRIVE
000000000001,LOG,processor 0,doneStartingThreads,DEPART
000000000001,LOG,processor 0,<defunct>,?
000000026281,LOG,thread 0 process 0,infant,REPEAT
000000026281,MSG,thread 0 process 0,infant years 3, sleep some more.
000000026281,LOG,thread 0 process 0,infant,sleep
000000113881,LOG,thread 0 process 0,infant,DEPART
000000113881,LOG,thread 0 process 0,teen,APPROACH
000000113881,MSG,thread 0 process 0,infant years 13, growing up.
000000113881,LOG,thread 0 process 0,teen,sleep
000000113881,LOG,thread 0 process 0,teen,ARRIVE
000000113881,LOG,thread 0 process 0,teen,REPEAT
000000113881,MSG,thread 0 process 0,teen years 13, sleep some more.
000000113881,LOG,thread 0 process 0,teen,sleep
000000201481,LOG,thread 0 process 0,teen,DEPART
000000201481,LOG,thread 0 process 0,youngAdult,APPROACH
000000201481,MSG,thread 0 process 0,teen->youngAdult years 23, growing up.
000000201481,LOG,thread 0 process 0,youngAdult,sleep
000000201481,LOG,thread 0 process 0,youngAdult,ARRIVE
000000201481,LOG,thread 0 process 0,youngAdult,REPEAT
000000201481,MSG,thread 0 process 0,youngAdult years 23, sleep some more.
000000201481,LOG,thread 0 process 0,youngAdult,sleep
000000289081,LOG,thread 0 process 0,youngAdult,REPEAT
000000289081,MSG,thread 0 process 0,youngAdult years 33, sleep some more.
000000289081,LOG,thread 0 process 0,youngAdult,sleep
000000376681,LOG,thread 0 process 0,youngAdult,DEPART
000000376681,LOG,thread 0 process 0,midLife,APPROACH
000000376681,MSG,thread 0 process 0,youngAdult years 43, growing up.
000000376681,LOG,thread 0 process 0,midLife,sleep
000000376681,LOG,thread 0 process 0,midLife,ARRIVE
000000376681,LOG,thread 0 process 0,midLife,REPEAT
000000376681,MSG,thread 0 process 0,midLife years 43, sleep some more.
000000376681,LOG,thread 0 process 0,midLife,sleep
000000464281,LOG,thread 0 process 0,midLife,DEPART
000000464281,LOG,thread 0 process 0,gettingOld,APPROACH
000000464281,MSG,thread 0 process 0,midLife years 53, growing up.
000000464281,LOG,thread 0 process 0,gettingOld,sleep
000000464281,LOG,thread 0 process 0,gettingOld,ARRIVE
000000464281,LOG,thread 0 process 0,gettingOld,REPEAT
000000464281,MSG,thread 0 process 0,gettingOld years 53, sleep some more.
000000464281,LOG,thread 0 process 0,gettingOld,sleep
000000551881,LOG,thread 0 process 0,gettingOld,REPEAT
000000551881,MSG,thread 0 process 0,gettingOld years 63, sleep some more.
000000551881,LOG,thread 0 process 0,gettingOld,sleep
000000639481,LOG,thread 0 process 0,gettingOld,REPEAT
000000639481,MSG,thread 0 process 0,gettingOld years 73, sleep some more.
000000639481,LOG,thread 0 process 0,gettingOld,sleep
000000727081,LOG,thread 0 process 0,gettingOld,REPEAT
000000727081,MSG,thread 0 process 0,gettingOld years 83, sleep some more.
000000727081,LOG,thread 0 process 0,gettingOld,sleep
000000814681,LOG,thread 0 process 0,gettingOld,DEPART
000000814681,LOG,thread 0 process 0,deadInTheWater,APPROACH
000000814681,MSG,thread 0 process 0,gettingOld years 93, done.
000000814681,LOG,thread 0 process 0,deadInTheWater,ARRIVE
000000814681,LOG,thread 0 process 0,deadInTheWater,DEPART
000000814681,LOG,thread 0 process 0,<defunct>,?
000000814681,MSG,scheduler,Scheduler exiting at time 814681 within time limit 876000, simulation has finished.
